# JRE version: Java(TM) SE Runtime Environment (8.0_20-b26) (build 1.8.0_20-b26)
# Java VM: Java HotSpot(TM) 64-Bit Server VM (25.20-b23 mixed mode windows-amd64 compressed oops)
Heap:
 PSYoungGen      total 250368K, used 37374K [0x00000000d6f00000, 0x00000000ee300000, 0x0000000100000000)
  eden space 244224K, 13% used [0x00000000d6f00000,0x00000000d8fc2390,0x00000000e5d80000)
  from space 6144K, 62% used [0x00000000e6d00000,0x00000000e70bd590,0x00000000e7300000)
  to   space 15872K, 0% used [0x00000000e5d80000,0x00000000e5d80000,0x00000000e6d00000)
 ParOldGen       total 71168K, used 14562K [0x0000000084c00000, 0x0000000089180000, 0x00000000d6f00000)
  object space 71168K, 20% used [0x0000000084c00000,0x0000000085a38850,0x0000000089180000)
 Metaspace       used 23053K, capacity 23338K, committed 23552K, reserved 1071104K
  class space    used 2756K, capacity 2797K, committed 2816K, reserved 1048576K
GC Heap History (10 events):
Event: 2.132 GC heap before
{Heap before GC invocations=5 (full 0):
 PSYoungGen      total 132096K, used 130056K [0x00000000d6f00000, 0x00000000df500000, 0x0000000100000000)
  eden space 126976K, 100% used [0x00000000d6f00000,0x00000000deb00000,0x00000000deb00000)
  from space 5120K, 60% used [0x00000000df000000,0x00000000df302020,0x00000000df500000)
  to   space 5120K, 0% used [0x00000000deb00000,0x00000000deb00000,0x00000000df000000)
 ParOldGen       total 84992K, used 688K [0x0000000084c00000, 0x0000000089f00000, 0x00000000d6f00000)
  object space 84992K, 0% used [0x0000000084c00000,0x0000000084cac2f8,0x0000000089f00000)
 Metaspace       used 11660K, capacity 11876K, committed 12032K, reserved 1060864K
  class space    used 1500K, capacity 1532K, committed 1536K, reserved 1048576K
Event: 2.138 GC heap after
Heap after GC invocations=5 (full 0):
 PSYoungGen      total 132096K, used 3368K [0x00000000d6f00000, 0x00000000e7300000, 0x0000000100000000)
  eden space 126976K, 0% used [0x00000000d6f00000,0x00000000d6f00000,0x00000000deb00000)
  from space 5120K, 65% used [0x00000000deb00000,0x00000000dee4a020,0x00000000df000000)
  to   space 6144K, 0% used [0x00000000e6d00000,0x00000000e6d00000,0x00000000e7300000)
 ParOldGen       total 84992K, used 696K [0x0000000084c00000, 0x0000000089f00000, 0x00000000d6f00000)
  object space 84992K, 0% used [0x0000000084c00000,0x0000000084cae2f8,0x0000000089f00000)
 Metaspace       used 11660K, capacity 11876K, committed 12032K, reserved 1060864K
  class space    used 1500K, capacity 1532K, committed 1536K, reserved 1048576K
}
Event: 3.849 GC heap before
{Heap before GC invocations=6 (full 0):
 PSYoungGen      total 132096K, used 130344K [0x00000000d6f00000, 0x00000000e7300000, 0x0000000100000000)
  eden space 126976K, 100% used [0x00000000d6f00000,0x00000000deb00000,0x00000000deb00000)
  from space 5120K, 65% used [0x00000000deb00000,0x00000000dee4a020,0x00000000df000000)
  to   space 6144K, 0% used [0x00000000e6d00000,0x00000000e6d00000,0x00000000e7300000)
 ParOldGen       total 84992K, used 696K [0x0000000084c00000, 0x0000000089f00000, 0x00000000d6f00000)
  object space 84992K, 0% used [0x0000000084c00000,0x0000000084cae2f8,0x0000000089f00000)
 Metaspace       used 15096K, capacity 15318K, committed 15488K, reserved 1062912K
  class space    used 1852K, capacity 1887K, committed 1920K, reserved 1048576K
Event: 3.861 GC heap after
Heap after GC invocations=6 (full 0):
 PSYoungGen      total 255488K, used 6131K [0x00000000d6f00000, 0x00000000e7c00000, 0x0000000100000000)
  eden space 249344K, 0% used [0x00000000d6f00000,0x00000000d6f00000,0x00000000e6280000)
  from space 6144K, 99% used [0x00000000e6d00000,0x00000000e72fcc30,0x00000000e7300000)
  to   space 10752K, 0% used [0x00000000e6280000,0x00000000e6280000,0x00000000e6d00000)
 ParOldGen       total 84992K, used 7058K [0x0000000084c00000, 0x0000000089f00000, 0x00000000d6f00000)
  object space 84992K, 8% used [0x0000000084c00000,0x00000000852e4980,0x0000000089f00000)
 Metaspace       used 15096K, capacity 15318K, committed 15488K, reserved 1062912K
  class space    used 1852K, capacity 1887K, committed 1920K, reserved 1048576K
}
Event: 5.168 GC heap before
{Heap before GC invocations=7 (full 0):
 PSYoungGen      total 255488K, used 81534K [0x00000000d6f00000, 0x00000000e7c00000, 0x0000000100000000)
  eden space 249344K, 30% used [0x00000000d6f00000,0x00000000db8a2d38,0x00000000e6280000)
  from space 6144K, 99% used [0x00000000e6d00000,0x00000000e72fcc30,0x00000000e7300000)
  to   space 10752K, 0% used [0x00000000e6280000,0x00000000e6280000,0x00000000e6d00000)
 ParOldGen       total 84992K, used 7058K [0x0000000084c00000, 0x0000000089f00000, 0x00000000d6f00000)
  object space 84992K, 8% used [0x0000000084c00000,0x00000000852e4980,0x0000000089f00000)
 Metaspace       used 20830K, capacity 21044K, committed 21296K, reserved 1069056K
  class space    used 2546K, capacity 2596K, committed 2688K, reserved 1048576K
Event: 5.192 GC heap after
Heap after GC invocations=7 (full 0):
 PSYoungGen      total 260096K, used 10738K [0x00000000d6f00000, 0x00000000e7c00000, 0x0000000100000000)
  eden space 249344K, 0% used [0x00000000d6f00000,0x00000000d6f00000,0x00000000e6280000)
  from space 10752K, 99% used [0x00000000e6280000,0x00000000e6cfc950,0x00000000e6d00000)
  to   space 6144K, 0% used [0x00000000e6d00000,0x00000000e6d00000,0x00000000e7300000)
 ParOldGen       total 84992K, used 14159K [0x0000000084c00000, 0x0000000089f00000, 0x00000000d6f00000)
  object space 84992K, 16% used [0x0000000084c00000,0x00000000859d3ed8,0x0000000089f00000)
 Metaspace       used 20830K, capacity 21044K, committed 21296K, reserved 1069056K
  class space    used 2546K, capacity 2596K, committed 2688K, reserved 1048576K
}
Event: 5.192 GC heap before
{Heap before GC invocations=8 (full 1):
 PSYoungGen      total 260096K, used 10738K [0x00000000d6f00000, 0x00000000e7c00000, 0x0000000100000000)
  eden space 249344K, 0% used [0x00000000d6f00000,0x00000000d6f00000,0x00000000e6280000)
  from space 10752K, 99% used [0x00000000e6280000,0x00000000e6cfc950,0x00000000e6d00000)
  to   space 6144K, 0% used [0x00000000e6d00000,0x00000000e6d00000,0x00000000e7300000)
 ParOldGen       total 84992K, used 14159K [0x0000000084c00000, 0x0000000089f00000, 0x00000000d6f00000)
  object space 84992K, 16% used [0x0000000084c00000,0x00000000859d3ed8,0x0000000089f00000)
 Metaspace       used 20830K, capacity 21044K, committed 21296K, reserved 1069056K
  class space    used 2546K, capacity 2596K, committed 2688K, reserved 1048576K
Event: 5.291 GC heap after
Heap after GC invocations=8 (full 1):
 PSYoungGen      total 260096K, used 0K [0x00000000d6f00000, 0x00000000e7c00000, 0x0000000100000000)
  eden space 249344K, 0% used [0x00000000d6f00000,0x00000000d6f00000,0x00000000e6280000)
  from space 10752K, 0% used [0x00000000e6280000,0x00000000e6280000,0x00000000e6d00000)
  to   space 6144K, 0% used [0x00000000e6d00000,0x00000000e6d00000,0x00000000e7300000)
 ParOldGen       total 71168K, used 14554K [0x0000000084c00000, 0x0000000089180000, 0x00000000d6f00000)
  object space 71168K, 20% used [0x0000000084c00000,0x0000000085a36850,0x0000000089180000)
 Metaspace       used 20830K, capacity 21044K, committed 21296K, reserved 1069056K
  class space    used 2546K, capacity 2596K, committed 2688K, reserved 1048576K
}
Event: 6.296 GC heap before
{Heap before GC invocations=9 (full 1):
 PSYoungGen      total 260096K, used 249344K [0x00000000d6f00000, 0x00000000e7c00000, 0x0000000100000000)
  eden space 249344K, 100% used [0x00000000d6f00000,0x00000000e6280000,0x00000000e6280000)
  from space 10752K, 0% used [0x00000000e6280000,0x00000000e6280000,0x00000000e6d00000)
  to   space 6144K, 0% used [0x00000000e6d00000,0x00000000e6d00000,0x00000000e7300000)
 ParOldGen       total 71168K, used 14554K [0x0000000084c00000, 0x0000000089180000, 0x00000000d6f00000)
  object space 71168K, 20% used [0x0000000084c00000,0x0000000085a36850,0x0000000089180000)
 Metaspace       used 23044K, capacity 23274K, committed 23552K, reserved 1071104K
  class space    used 2755K, capacity 2797K, committed 2816K, reserved 1048576K
Event: 6.300 GC heap after
Heap after GC invocations=9 (full 1):
 PSYoungGen      total 250368K, used 3829K [0x00000000d6f00000, 0x00000000ee300000, 0x0000000100000000)
  eden space 244224K, 0% used [0x00000000d6f00000,0x00000000d6f00000,0x00000000e5d80000)
  from space 6144K, 62% used [0x00000000e6d00000,0x00000000e70bd590,0x00000000e7300000)
  to   space 15872K, 0% used [0x00000000e5d80000,0x00000000e5d80000,0x00000000e6d00000)
 ParOldGen       total 71168K, used 14562K [0x0000000084c00000, 0x0000000089180000, 0x00000000d6f00000)
  object space 71168K, 20% used [0x0000000084c00000,0x0000000085a38850,0x0000000089180000)
 Metaspace       used 23044K, capacity 23274K, committed 23552K, reserved 1071104K
  class space    used 2755K, capacity 2797K, committed 2816K, reserved 1048576K
}

