# JRE version: Java(TM) SE Runtime Environment (8.0_20-b26) (build 1.8.0_20-b26)
# Java VM: Java HotSpot(TM) 64-Bit Server VM (25.20-b23 mixed mode windows-amd64 compressed oops)
Heap:
 PSYoungGen      total 347136K, used 181134K [0x00000000d6f00000, 0x00000000ed380000, 0x0000000100000000)
  eden space 338432K, 53% used [0x00000000d6f00000,0x00000000e1f6b990,0x00000000eb980000)
  from space 8704K, 5% used [0x00000000ecb00000,0x00000000ecb78000,0x00000000ed380000)
  to   space 13312K, 0% used [0x00000000eb980000,0x00000000eb980000,0x00000000ec680000)
 ParOldGen       total 60416K, used 21030K [0x0000000084c00000, 0x0000000088700000, 0x00000000d6f00000)
  object space 60416K, 34% used [0x0000000084c00000,0x0000000086089a00,0x0000000088700000)
 Metaspace       used 27218K, capacity 27466K, committed 27952K, reserved 1073152K
  class space    used 3204K, capacity 3261K, committed 3376K, reserved 1048576K
GC Heap History (10 events):
Event: 6.646 GC heap before
{Heap before GC invocations=9 (full 0):
 PSYoungGen      total 256512K, used 48407K [0x00000000d6f00000, 0x00000000e7a00000, 0x0000000100000000)
  eden space 250368K, 16% used [0x00000000d6f00000,0x00000000d9849f68,0x00000000e6380000)
  from space 6144K, 99% used [0x00000000e6d00000,0x00000000e72fc010,0x00000000e7300000)
  to   space 9728K, 0% used [0x00000000e6380000,0x00000000e6380000,0x00000000e6d00000)
 ParOldGen       total 84992K, used 8994K [0x0000000084c00000, 0x0000000089f00000, 0x00000000d6f00000)
  object space 84992K, 10% used [0x0000000084c00000,0x00000000854c8b68,0x0000000089f00000)
 Metaspace       used 20955K, capacity 21164K, committed 21296K, reserved 1069056K
  class space    used 2545K, capacity 2596K, committed 2608K, reserved 1048576K
Event: 6.656 GC heap after
Heap after GC invocations=9 (full 0):
 PSYoungGen      total 260096K, used 9698K [0x00000000d6f00000, 0x00000000e7a00000, 0x0000000100000000)
  eden space 250368K, 0% used [0x00000000d6f00000,0x00000000d6f00000,0x00000000e6380000)
  from space 9728K, 99% used [0x00000000e6380000,0x00000000e6cf8840,0x00000000e6d00000)
  to   space 6144K, 0% used [0x00000000e6d00000,0x00000000e6d00000,0x00000000e7300000)
 ParOldGen       total 84992K, used 13627K [0x0000000084c00000, 0x0000000089f00000, 0x00000000d6f00000)
  object space 84992K, 16% used [0x0000000084c00000,0x000000008594ec30,0x0000000089f00000)
 Metaspace       used 20955K, capacity 21164K, committed 21296K, reserved 1069056K
  class space    used 2545K, capacity 2596K, committed 2608K, reserved 1048576K
}
Event: 6.656 GC heap before
{Heap before GC invocations=10 (full 1):
 PSYoungGen      total 260096K, used 9698K [0x00000000d6f00000, 0x00000000e7a00000, 0x0000000100000000)
  eden space 250368K, 0% used [0x00000000d6f00000,0x00000000d6f00000,0x00000000e6380000)
  from space 9728K, 99% used [0x00000000e6380000,0x00000000e6cf8840,0x00000000e6d00000)
  to   space 6144K, 0% used [0x00000000e6d00000,0x00000000e6d00000,0x00000000e7300000)
 ParOldGen       total 84992K, used 13627K [0x0000000084c00000, 0x0000000089f00000, 0x00000000d6f00000)
  object space 84992K, 16% used [0x0000000084c00000,0x000000008594ec30,0x0000000089f00000)
 Metaspace       used 20955K, capacity 21164K, committed 21296K, reserved 1069056K
  class space    used 2545K, capacity 2596K, committed 2608K, reserved 1048576K
Event: 6.721 GC heap after
Heap after GC invocations=10 (full 1):
 PSYoungGen      total 260096K, used 0K [0x00000000d6f00000, 0x00000000e7a00000, 0x0000000100000000)
  eden space 250368K, 0% used [0x00000000d6f00000,0x00000000d6f00000,0x00000000e6380000)
  from space 9728K, 0% used [0x00000000e6380000,0x00000000e6380000,0x00000000e6d00000)
  to   space 6144K, 0% used [0x00000000e6d00000,0x00000000e6d00000,0x00000000e7300000)
 ParOldGen       total 60416K, used 12210K [0x0000000084c00000, 0x0000000088700000, 0x00000000d6f00000)
  object space 60416K, 20% used [0x0000000084c00000,0x00000000857ecaf8,0x0000000088700000)
 Metaspace       used 20955K, capacity 21164K, committed 21296K, reserved 1069056K
  class space    used 2545K, capacity 2596K, committed 2608K, reserved 1048576K
}
Event: 7.947 GC heap before
{Heap before GC invocations=11 (full 1):
 PSYoungGen      total 260096K, used 250368K [0x00000000d6f00000, 0x00000000e7a00000, 0x0000000100000000)
  eden space 250368K, 100% used [0x00000000d6f00000,0x00000000e6380000,0x00000000e6380000)
  from space 9728K, 0% used [0x00000000e6380000,0x00000000e6380000,0x00000000e6d00000)
  to   space 6144K, 0% used [0x00000000e6d00000,0x00000000e6d00000,0x00000000e7300000)
 ParOldGen       total 60416K, used 12210K [0x0000000084c00000, 0x0000000088700000, 0x00000000d6f00000)
  object space 60416K, 20% used [0x0000000084c00000,0x00000000857ecaf8,0x0000000088700000)
 Metaspace       used 23262K, capacity 23522K, committed 23856K, reserved 1071104K
  class space    used 2756K, capacity 2797K, committed 2864K, reserved 1048576K
Event: 7.951 GC heap after
Heap after GC invocations=11 (full 1):
 PSYoungGen      total 253440K, used 4080K [0x00000000d6f00000, 0x00000000ed400000, 0x0000000100000000)
  eden space 247296K, 0% used [0x00000000d6f00000,0x00000000d6f00000,0x00000000e6080000)
  from space 6144K, 66% used [0x00000000e6d00000,0x00000000e70fc2b0,0x00000000e7300000)
  to   space 12800K, 0% used [0x00000000e6080000,0x00000000e6080000,0x00000000e6d00000)
 ParOldGen       total 60416K, used 12218K [0x0000000084c00000, 0x0000000088700000, 0x00000000d6f00000)
  object space 60416K, 20% used [0x0000000084c00000,0x00000000857eeaf8,0x0000000088700000)
 Metaspace       used 23262K, capacity 23522K, committed 23856K, reserved 1071104K
  class space    used 2756K, capacity 2797K, committed 2864K, reserved 1048576K
}
Event: 9.673 GC heap before
{Heap before GC invocations=12 (full 1):
 PSYoungGen      total 253440K, used 251376K [0x00000000d6f00000, 0x00000000ed400000, 0x0000000100000000)
  eden space 247296K, 100% used [0x00000000d6f00000,0x00000000e6080000,0x00000000e6080000)
  from space 6144K, 66% used [0x00000000e6d00000,0x00000000e70fc2b0,0x00000000e7300000)
  to   space 12800K, 0% used [0x00000000e6080000,0x00000000e6080000,0x00000000e6d00000)
 ParOldGen       total 60416K, used 12218K [0x0000000084c00000, 0x0000000088700000, 0x00000000d6f00000)
  object space 60416K, 20% used [0x0000000084c00000,0x00000000857eeaf8,0x0000000088700000)
 Metaspace       used 24385K, capacity 24634K, committed 25008K, reserved 1071104K
  class space    used 2878K, capacity 2929K, committed 2992K, reserved 1048576K
Event: 9.720 GC heap after
Heap after GC invocations=12 (full 1):
 PSYoungGen      total 260096K, used 9461K [0x00000000d6f00000, 0x00000000ed800000, 0x0000000100000000)
  eden space 247296K, 0% used [0x00000000d6f00000,0x00000000d6f00000,0x00000000e6080000)
  from space 12800K, 73% used [0x00000000e6080000,0x00000000e69bd5a0,0x00000000e6d00000)
  to   space 13312K, 0% used [0x00000000ecb00000,0x00000000ecb00000,0x00000000ed800000)
 ParOldGen       total 60416K, used 14624K [0x0000000084c00000, 0x0000000088700000, 0x00000000d6f00000)
  object space 60416K, 24% used [0x0000000084c00000,0x0000000085a480f0,0x0000000088700000)
 Metaspace       used 24385K, capacity 24634K, committed 25008K, reserved 1071104K
  class space    used 2878K, capacity 2929K, committed 2992K, reserved 1048576K
}
Event: 10.165 GC heap before
{Heap before GC invocations=13 (full 1):
 PSYoungGen      total 260096K, used 256757K [0x00000000d6f00000, 0x00000000ed800000, 0x0000000100000000)
  eden space 247296K, 100% used [0x00000000d6f00000,0x00000000e6080000,0x00000000e6080000)
  from space 12800K, 73% used [0x00000000e6080000,0x00000000e69bd5a0,0x00000000e6d00000)
  to   space 13312K, 0% used [0x00000000ecb00000,0x00000000ecb00000,0x00000000ed800000)
 ParOldGen       total 60416K, used 14624K [0x0000000084c00000, 0x0000000088700000, 0x00000000d6f00000)
  object space 60416K, 24% used [0x0000000084c00000,0x0000000085a480f0,0x0000000088700000)
 Metaspace       used 24390K, capacity 24634K, committed 25008K, reserved 1071104K
  class space    used 2878K, capacity 2929K, committed 2992K, reserved 1048576K
Event: 10.169 GC heap after
Heap after GC invocations=13 (full 1):
 PSYoungGen      total 347136K, used 480K [0x00000000d6f00000, 0x00000000ed380000, 0x0000000100000000)
  eden space 338432K, 0% used [0x00000000d6f00000,0x00000000d6f00000,0x00000000eb980000)
  from space 8704K, 5% used [0x00000000ecb00000,0x00000000ecb78000,0x00000000ed380000)
  to   space 13312K, 0% used [0x00000000eb980000,0x00000000eb980000,0x00000000ec680000)
 ParOldGen       total 60416K, used 21030K [0x0000000084c00000, 0x0000000088700000, 0x00000000d6f00000)
  object space 60416K, 34% used [0x0000000084c00000,0x0000000086089a00,0x0000000088700000)
 Metaspace       used 24390K, capacity 24634K, committed 25008K, reserved 1071104K
  class space    used 2878K, capacity 2929K, committed 2992K, reserved 1048576K
}

